<?xml version="1.0" encoding="UTF-8"?><testsuite errors="1" failures="0" name="Creacion de oferta" skipped="0" tests="1" time="8.75" timestamp="2018-12-06 05:09:57"><testcase name="Creacion y configuracion de una oferta"><error message="can not find src/test/resources/images/Siebel/NewOffer\1BotonOfertasEconomicas.png in S(0)[0,0 1366x768]" type="org.sikuli.script.FindFailed">can not find src/test/resources/images/Siebel/NewOffer\1BotonOfertasEconomicas.png in S(0)[0,0 1366x768]</error><system-err>can not find src/test/resources/images/Siebel/NewOffer\1BotonOfertasEconomicas.png in S(0)[0,0 1366x768]&#13;
org.sikuli.script.Region.handleFindFailedShowDialog(Region.java:2189)&#13;
org.sikuli.script.Region.handleFindFailed(Region.java:2134)&#13;
org.sikuli.script.Region.wait(Region.java:2546)&#13;
org.sikuli.script.Region.find(Region.java:2205)&#13;
org.sikuli.script.Region.getLocationFromTarget(Region.java:3067)&#13;
org.sikuli.script.Region.click(Region.java:3534)&#13;
org.sikuli.script.Region.click(Region.java:3519)&#13;
com.tigoune.framework.ActionOnImages.clickImage(ActionOnImages.java:21)&#13;
com.tigoune.steps.CreateNewOfferSteps.nuevaOferta(CreateNewOfferSteps.java:32)&#13;
com.tigoune.definitions.CreateNewOfferDefinition.usuario_elige_nueva_oferta(CreateNewOfferDefinition.java:23)&#13;
cucumber.runner.Runner.runPickle(Runner.java:80)&#13;
org.eclipse.jdt.internal.junit4.runner.JUnit4TestReference.run(JUnit4TestReference.java:89)&#13;
org.eclipse.jdt.internal.junit.runner.TestExecution.run(TestExecution.java:41)&#13;
org.eclipse.jdt.internal.junit.runner.RemoteTestRunner.runTests(RemoteTestRunner.java:541)&#13;
org.eclipse.jdt.internal.junit.runner.RemoteTestRunner.runTests(RemoteTestRunner.java:763)&#13;
org.eclipse.jdt.internal.junit.runner.RemoteTestRunner.run(RemoteTestRunner.java:463)&#13;
org.eclipse.jdt.internal.junit.runner.RemoteTestRunner.main(RemoteTestRunner.java:209)&#13;
</system-err></testcase></testsuite>